RUN	com.gatling.tests.api.PostPutDeleteAPI	postputdeleteapi	1662384274581	Create and Update Demo	3.6.1
USER	update user	START	1662384276345
USER	Create User	START	1662384276342
REQUEST		create new user	1662384276403	1662384276872	OK	 
REQUEST		update user	1662384276403	1662384276872	OK	 
USER	update user	START	1662384277318
USER	Create User	START	1662384277327
REQUEST		update user	1662384277320	1662384277765	OK	 
REQUEST		create new user	1662384277328	1662384277829	OK	 
USER	Create User	END	1662384278021
USER	update user	END	1662384278021
USER	Create User	START	1662384278329
USER	update user	END	1662384278777
REQUEST		create new user	1662384278331	1662384278833	OK	 
USER	Create User	END	1662384278834
USER	Create User	START	1662384279315
USER	update user	START	1662384279315
REQUEST		update user	1662384279317	1662384279731	OK	 
REQUEST		create new user	1662384279317	1662384279790	OK	 
USER	Create User	END	1662384279840
USER	Create User	START	1662384280317
USER	update user	END	1662384280742
USER	Create User	END	1662384280799
REQUEST		create new user	1662384280319	1662384280872	OK	 
USER	Create User	END	1662384281882
