RUN	com.gatling.tests.api.PostPutDeleteAPI	postputdeleteapi	1662384217543	Post Demo8	3.6.1
USER	update user	START	1662384219510
USER	Create User	START	1662384219507
REQUEST		create new user	1662384219562	1662384220199	OK	 
USER	update user	START	1662384220489
USER	Create User	START	1662384220500
REQUEST		update user	1662384220491	1662384220963	OK	 
REQUEST		create new user	1662384220500	1662384221222	OK	 
REQUEST		update user	1662384219562	1662384221449	OK	 
USER	Create User	START	1662384221503
USER	Create User	END	1662384222309
USER	Create User	START	1662384222489
USER	update user	START	1662384222489
REQUEST		create new user	1662384221504	1662384222638	OK	 
USER	update user	END	1662384222975
USER	Create User	END	1662384223228
REQUEST		update user	1662384222492	1662384223399	OK	 
USER	update user	END	1662384223456
USER	Create User	START	1662384223489
REQUEST		create new user	1662384222492	1662384224331	OK	 
USER	Create User	END	1662384224643
USER	update user	END	1662384225406
REQUEST		create new user	1662384223492	1662384226090	OK	 
USER	Create User	END	1662384226337
USER	Create User	END	1662384228100
