RUN	com.gatling.tests.api.PostPutDeleteAPI	postputdeleteapi	1662384738217	Create, update and delete Demo1	3.6.1
USER	Create User	START	1662384740249
USER	update user	START	1662384740249
USER	delete user	START	1662384740257
REQUEST		delete user	1662384740303	1662384740986	OK	 
REQUEST		create new user	1662384740304	1662384740990	OK	 
REQUEST		update user	1662384740303	1662384740990	OK	 
USER	update user	END	1662384741123
USER	update user	START	1662384741226
USER	Create User	START	1662384741237
REQUEST		update user	1662384741227	1662384741795	OK	 
USER	update user	END	1662384741798
REQUEST		create new user	1662384741238	1662384741878	OK	 
USER	delete user	END	1662384742060
USER	Create User	END	1662384742125
USER	delete user	START	1662384742230
USER	Create User	START	1662384742237
USER	Create User	END	1662384742889
REQUEST		create new user	1662384742238	1662384742980	OK	 
REQUEST		delete user	1662384742233	1662384742996	OK	 
USER	update user	START	1662384743225
USER	Create User	START	1662384743225
REQUEST		update user	1662384743226	1662384743661	OK	 
USER	update user	END	1662384743666
REQUEST		create new user	1662384743226	1662384743667	OK	 
USER	Create User	END	1662384743986
USER	delete user	END	1662384744000
USER	Create User	START	1662384744222
USER	Create User	END	1662384744679
REQUEST		create new user	1662384744225	1662384744723	OK	 
USER	Create User	END	1662384745733
