RUN	com.gatling.tests.api.PostPutDeleteAPI	postputdeleteapi	1662384063060	Post Demo7	3.6.1
USER	Create User	START	1662384065566
USER	update user	START	1662384065570
REQUEST		update user	1662384065619	1662384066114	KO	status.find.is(200), but actually found 404
REQUEST		create new user	1662384065619	1662384066276	OK	 
USER	update user	START	1662384066547
USER	Create User	START	1662384066553
REQUEST		update user	1662384066548	1662384066976	KO	status.find.is(200), but actually found 404
REQUEST		create new user	1662384066554	1662384067401	OK	 
USER	Create User	START	1662384067557
REQUEST		create new user	1662384067558	1662384068009	OK	 
USER	update user	END	1662384068217
USER	Create User	END	1662384068339
USER	Create User	START	1662384068547
USER	update user	START	1662384068547
USER	update user	END	1662384068988
REQUEST		update user	1662384068549	1662384068987	KO	status.find.is(200), but actually found 404
REQUEST		create new user	1662384068549	1662384069053	OK	 
USER	Create User	END	1662384069417
USER	Create User	START	1662384069550
USER	Create User	END	1662384070019
REQUEST		create new user	1662384069551	1662384070040	OK	 
USER	update user	END	1662384071002
USER	Create User	END	1662384071061
USER	Create User	END	1662384072050
