RUN	com.gatling.tests.api.PostPutDeleteAPI	postputdeleteapi	1662383931469	Post Demo6	3.6.1
USER	Create User	START	1662383933360
USER	update user	START	1662383933360
REQUEST		update user	1662383933426	1662383933956	KO	status.find.is(201), but actually found 404
REQUEST		create new user	1662383933426	1662383933953	OK	 
USER	update user	START	1662383934336
USER	Create User	START	1662383934345
REQUEST		create new user	1662383934346	1662383934835	OK	 
REQUEST		update user	1662383934337	1662383934907	KO	status.find.is(201), but actually found 404
USER	Create User	START	1662383935351
REQUEST		create new user	1662383935353	1662383935950	OK	 
USER	Create User	END	1662383936066
USER	update user	END	1662383936066
USER	update user	START	1662383936337
USER	Create User	START	1662383936338
REQUEST		create new user	1662383936340	1662383936832	OK	 
REQUEST		update user	1662383936341	1662383936832	KO	status.find.is(201), but actually found 404
USER	Create User	END	1662383936846
USER	update user	END	1662383936916
USER	Create User	START	1662383937339
REQUEST		create new user	1662383937340	1662383937910	OK	 
USER	Create User	END	1662383937959
USER	update user	END	1662383938842
USER	Create User	END	1662383938842
USER	Create User	END	1662383939920
