RUN	com.gatling.tests.SearchAndEditComputer	searchandeditcomputer	1662370888650	Search and Edit with Rampup user role	3.6.1
USER	Admins	START	1662370890987
USER	Users	START	1662370890984
REQUEST		Home	1662370891041	1662370891936	OK	 
USER	Users	START	1662370891973
REQUEST		Home	1662370891041	1662370891983	OK	 
REQUEST		Home	1662370891974	1662370892861	OK	 
USER	Users	START	1662370892974
REQUEST		Home	1662370892974	1662370893958	OK	 
USER	Users	START	1662370893957
REQUEST		Home	1662370893958	1662370894806	OK	 
USER	Users	START	1662370894954
REQUEST		Home	1662370894957	1662370895851	OK	 
USER	Admins	START	1662370895952
USER	Users	START	1662370895952
REQUEST		Home	1662370895954	1662370896892	OK	 
REQUEST		Home	1662370895954	1662370896892	OK	 
USER	Users	START	1662370896953
REQUEST		Search	1662370897043	1662370897259	OK	 
REQUEST		Search	1662370897043	1662370897261	OK	 
REQUEST		Home	1662370896954	1662370897838	OK	 
USER	Users	START	1662370897953
REQUEST		Search	1662370897875	1662370898096	OK	 
REQUEST		Home	1662370897955	1662370898851	OK	 
USER	Users	START	1662370898953
REQUEST		Search	1662370898979	1662370899214	OK	 
REQUEST		Select	1662370899271	1662370899492	OK	 
REQUEST		Select	1662370899272	1662370899498	OK	 
REQUEST		Home	1662370898954	1662370899878	OK	 
USER	Users	START	1662370899954
REQUEST		Search	1662370899819	1662370900034	OK	 
REQUEST		Select	1662370900104	1662370900329	OK	 
REQUEST		Home	1662370899956	1662370900834	OK	 
REQUEST		Search	1662370900863	1662370901084	OK	 
REQUEST		Select	1662370901222	1662370901453	OK	 
REQUEST		Search	1662370901925	1662370902151	OK	 
REQUEST		Search	1662370901925	1662370902151	OK	 
REQUEST		Select	1662370902043	1662370902255	OK	 
REQUEST		Search	1662370902854	1662370903089	OK	 
REQUEST		Select	1662370903092	1662370903306	OK	 
REQUEST		Search	1662370903859	1662370904181	OK	 
REQUEST		Select	1662370904158	1662370904382	OK	 
REQUEST		Select	1662370904158	1662370904383	OK	 
REQUEST		Search	1662370904886	1662370905116	OK	 
REQUEST		Select	1662370905095	1662370905313	OK	 
USER	Users	END	1662370905514
REQUEST		Edit	1662370905513	1662370905738	OK	 
REQUEST		Edit Redirect 1	1662370905759	1662370905978	OK	 
REQUEST		Search	1662370905839	1662370906051	OK	 
USER	Users	END	1662370906341
REQUEST		Select	1662370906192	1662370906419	OK	 
REQUEST		Select	1662370907156	1662370907378	OK	 
USER	Users	END	1662370907461
USER	Users	END	1662370908283
REQUEST		Select	1662370908055	1662370908298	OK	 
REQUEST		NewHome	1662370908987	1662370909226	OK	 
USER	Users	END	1662370909314
USER	Users	END	1662370910390
REQUEST		Edit	1662370910388	1662370910607	OK	 
REQUEST		Edit Redirect 1	1662370910609	1662370910824	OK	 
USER	Users	END	1662370911318
USER	Users	END	1662370912431
USER	Users	END	1662370913387
REQUEST		NewHome	1662370913832	1662370914052	OK	 
USER	Users	END	1662370914306
REQUEST		Select	1662370914236	1662370914463	OK	 
REQUEST		Home1	1662370917472	1662370917693	OK	 
REQUEST		Select	1662370919059	1662370919277	OK	 
REQUEST		Home1	1662370922294	1662370922511	OK	 
USER	Admins	END	1662370924703
USER	Admins	END	1662370929521
